Added Component: Designator=U1(DIP794W45P254L2692H508Q20)
Add component (AddParameter): Name = "Availability"; Value = "Unavailable"; VariantName = "[No Variations]"
Add component (AddParameter): Name = "MF"; Value = "Texas Instruments"; VariantName = "[No Variations]"
Add component (AddParameter): Name = "MP"; Value = "MSP430G2553IN20"; VariantName = "[No Variations]"
Add component (AddParameter): Name = "Package"; Value = "PDIP-20 Texas Instruments"; VariantName = "[No Variations]"
Add component (AddParameter): Name = "Price"; Value = "None"; VariantName = "[No Variations]"
Add component (AddParameter): Name = "SnapEDA_Link"; Value = "https://www.snapeda.com/parts/MSP430G2553IN20/Texas%20Instruments/view-part/46372/?ref=snap"; VariantName = "[No Variations]"
Add component (AddParameter): Name = "Value"; Value = ""; VariantName = "[No Variations]"
Added Component: Designator=U2(TO220)
Add component (AddParameter): Name = "Availability"; Value = "Unavailable"; VariantName = "[No Variations]"
Add component (AddParameter): Name = "MF"; Value = "Texas Instruments"; VariantName = "[No Variations]"
Add component (AddParameter): Name = "MP"; Value = "LM7805"; VariantName = "[No Variations]"
Add component (AddParameter): Name = "Package"; Value = "TO-220 Texas Instruments"; VariantName = "[No Variations]"
Add component (AddParameter): Name = "Price"; Value = "None"; VariantName = "[No Variations]"
Add component (AddParameter): Name = "SnapEDA_Link"; Value = "https://www.snapeda.com/parts/LM7805/Texas%20Instruments/view-part/2302466/?ref=snap"; VariantName = "[No Variations]"
Add component (AddParameter): Name = "Value"; Value = ""; VariantName = "[No Variations]"
Added Component: Designator=VR(TO254P1054X470X1955-3)
Add component (AddParameter): Name = "Arrow_Electronics-Purchase-URL"; Value = "https://snapeda.com/shop?store=Arrow+Electronics&id=2756289"; VariantName = "[No Variations]"
Add component (AddParameter): Name = "Availability"; Value = "Unavailable"; VariantName = "[No Variations]"
Add component (AddParameter): Name = "DigiKey-Purchase-URL"; Value = "https://snapeda.com/shop?store=DigiKey&id=2756289"; VariantName = "[No Variations]"
Add component (AddParameter): Name = "MF"; Value = "Texas Instruments"; VariantName = "[No Variations]"
Add component (AddParameter): Name = "Mouser-Purchase-URL"; Value = "https://snapeda.com/shop?store=Mouser&id=2756289"; VariantName = "[No Variations]"
Add component (AddParameter): Name = "MP"; Value = "LM317T"; VariantName = "[No Variations]"
Add component (AddParameter): Name = "Package"; Value = "TO-220-3 Texas Instruments"; VariantName = "[No Variations]"
Add component (AddParameter): Name = "Price"; Value = "None"; VariantName = "[No Variations]"
Add component (AddParameter): Name = "SnapEDA_Link"; Value = "https://www.snapeda.com/parts/LM317T/Texas%20Instruments/view-part/2756289/?ref=snap"; VariantName = "[No Variations]"
Add component (AddParameter): Name = "Value"; Value = ""; VariantName = "[No Variations]"
Added Pin To Net: NetName=NetP2_1 Pin=U1-1
Added Pin To Net: NetName=NetR2_2 Pin=U1-2
Added Pin To Net: NetName=NetP2_4 Pin=U1-3
Added Pin To Net: NetName=NetP2_5 Pin=U1-4
Added Pin To Net: NetName=NetR3_2 Pin=U1-5
Added Pin To Net: NetName=NetU1_6 Pin=U1-6
Added Pin To Net: NetName=NetU1_7 Pin=U1-7
Added Pin To Net: NetName=NetR6_2 Pin=U1-8
Added Pin To Net: NetName=NetU1_14 Pin=U1-14
Added Pin To Net: NetName=NetU1_15 Pin=U1-15
Added Pin To Net: NetName=NetR1_2 Pin=U1-16
Added Pin To Net: NetName=NetU1_18 Pin=U1-18
Added Pin To Net: NetName=NetU1_19 Pin=U1-19
Added Pin To Net: NetName=GND Pin=U1-20
Added Pin To Net: NetName=NetC2_1 Pin=U2-1
Added Pin To Net: NetName=GND Pin=U2-2
Added Pin To Net: NetName=NetC1_1 Pin=U2-3
Added Pin To Net: NetName=NetR4_1 Pin=VR-1
Added Pin To Net: NetName=NetP2_1 Pin=VR-2
Added Pin To Net: NetName=NetC2_1 Pin=VR-3
Added Member To Class: ClassName=MAASTER Member=Component U1 MSP430G2553IN20
Added Member To Class: ClassName=MAASTER Member=Component U2 LM7805
Added Member To Class: ClassName=MAASTER Member=Component VR LM317T
